# JRE version: Java(TM) SE Runtime Environment (8.0_192-b12) (build 1.8.0_192-b12)
# Java VM: Java HotSpot(TM) 64-Bit Server VM (25.192-b12 mixed mode windows-amd64 compressed oops)
Heap:
 PSYoungGen      total 2471424K, used 868265K [0x0000000716780000, 0x00000007c0000000, 0x00000007c0000000)
  eden space 2150912K, 40% used [0x0000000716780000,0x000000074b76a540,0x0000000799c00000)
  from space 320512K, 0% used [0x00000007ac700000,0x00000007ac700000,0x00000007c0000000)
  to   space 306176K, 0% used [0x0000000799c00000,0x0000000799c00000,0x00000007ac700000)
 ParOldGen       total 1069568K, used 1069274K [0x00000005c3600000, 0x0000000604a80000, 0x0000000716780000)
  object space 1069568K, 99% used [0x00000005c3600000,0x0000000604a36a00,0x0000000604a80000)
 Metaspace       used 14821K, capacity 15032K, committed 15232K, reserved 1062912K
  class space    used 1610K, capacity 1663K, committed 1664K, reserved 1048576K
GC Heap History (10 events):
Event: 30.285 GC heap before
{Heap before GC invocations=30 (full 6):
 PSYoungGen      total 2471424K, used 2150912K [0x0000000716780000, 0x00000007c0000000, 0x00000007c0000000)
  eden space 2150912K, 100% used [0x0000000716780000,0x0000000799c00000,0x0000000799c00000)
  from space 320512K, 0% used [0x00000007ac700000,0x00000007ac700000,0x00000007c0000000)
  to   space 306176K, 0% used [0x0000000799c00000,0x0000000799c00000,0x00000007ac700000)
 ParOldGen       total 1069568K, used 1069444K [0x00000005c3600000, 0x0000000604a80000, 0x0000000716780000)
  object space 1069568K, 99% used [0x00000005c3600000,0x0000000604a61328,0x0000000604a80000)
 Metaspace       used 14747K, capacity 14968K, committed 15232K, reserved 1062912K
  class space    used 1606K, capacity 1663K, committed 1664K, reserved 1048576K
Event: 32.193 GC heap after
Heap after GC invocations=30 (full 6):
 PSYoungGen      total 2471424K, used 158892K [0x0000000716780000, 0x00000007c0000000, 0x00000007c0000000)
  eden space 2150912K, 7% used [0x0000000716780000,0x00000007202ab1b8,0x0000000799c00000)
  from space 320512K, 0% used [0x00000007ac700000,0x00000007ac700000,0x00000007c0000000)
  to   space 306176K, 0% used [0x0000000799c00000,0x0000000799c00000,0x00000007ac700000)
 ParOldGen       total 1069568K, used 1069389K [0x00000005c3600000, 0x0000000604a80000, 0x0000000716780000)
  object space 1069568K, 99% used [0x00000005c3600000,0x0000000604a53668,0x0000000604a80000)
 Metaspace       used 14747K, capacity 14968K, committed 15232K, reserved 1062912K
  class space    used 1606K, capacity 1663K, committed 1664K, reserved 1048576K
}
Event: 32.641 GC heap before
{Heap before GC invocations=31 (full 7):
 PSYoungGen      total 2471424K, used 2150912K [0x0000000716780000, 0x00000007c0000000, 0x00000007c0000000)
  eden space 2150912K, 100% used [0x0000000716780000,0x0000000799c00000,0x0000000799c00000)
  from space 320512K, 0% used [0x00000007ac700000,0x00000007ac700000,0x00000007c0000000)
  to   space 306176K, 0% used [0x0000000799c00000,0x0000000799c00000,0x00000007ac700000)
 ParOldGen       total 1069568K, used 1069389K [0x00000005c3600000, 0x0000000604a80000, 0x0000000716780000)
  object space 1069568K, 99% used [0x00000005c3600000,0x0000000604a53668,0x0000000604a80000)
 Metaspace       used 14750K, capacity 14968K, committed 15232K, reserved 1062912K
  class space    used 1606K, capacity 1663K, committed 1664K, reserved 1048576K
Event: 34.479 GC heap after
Heap after GC invocations=31 (full 7):
 PSYoungGen      total 2471424K, used 159002K [0x0000000716780000, 0x00000007c0000000, 0x00000007c0000000)
  eden space 2150912K, 7% used [0x0000000716780000,0x00000007202c6800,0x0000000799c00000)
  from space 320512K, 0% used [0x00000007ac700000,0x00000007ac700000,0x00000007c0000000)
  to   space 306176K, 0% used [0x0000000799c00000,0x0000000799c00000,0x00000007ac700000)
 ParOldGen       total 1069568K, used 1069351K [0x00000005c3600000, 0x0000000604a80000, 0x0000000716780000)
  object space 1069568K, 99% used [0x00000005c3600000,0x0000000604a49e00,0x0000000604a80000)
 Metaspace       used 14750K, capacity 14968K, committed 15232K, reserved 1062912K
  class space    used 1606K, capacity 1663K, committed 1664K, reserved 1048576K
}
Event: 34.852 GC heap before
{Heap before GC invocations=32 (full 8):
 PSYoungGen      total 2471424K, used 2150912K [0x0000000716780000, 0x00000007c0000000, 0x00000007c0000000)
  eden space 2150912K, 100% used [0x0000000716780000,0x0000000799c00000,0x0000000799c00000)
  from space 320512K, 0% used [0x00000007ac700000,0x00000007ac700000,0x00000007c0000000)
  to   space 306176K, 0% used [0x0000000799c00000,0x0000000799c00000,0x00000007ac700000)
 ParOldGen       total 1069568K, used 1069351K [0x00000005c3600000, 0x0000000604a80000, 0x0000000716780000)
  object space 1069568K, 99% used [0x00000005c3600000,0x0000000604a49e00,0x0000000604a80000)
 Metaspace       used 14751K, capacity 14968K, committed 15232K, reserved 1062912K
  class space    used 1606K, capacity 1663K, committed 1664K, reserved 1048576K
Event: 36.481 GC heap after
Heap after GC invocations=32 (full 8):
 PSYoungGen      total 2471424K, used 158794K [0x0000000716780000, 0x00000007c0000000, 0x00000007c0000000)
  eden space 2150912K, 7% used [0x0000000716780000,0x0000000720292818,0x0000000799c00000)
  from space 320512K, 0% used [0x00000007ac700000,0x00000007ac700000,0x00000007c0000000)
  to   space 306176K, 0% used [0x0000000799c00000,0x0000000799c00000,0x00000007ac700000)
 ParOldGen       total 1069568K, used 1069309K [0x00000005c3600000, 0x0000000604a80000, 0x0000000716780000)
  object space 1069568K, 99% used [0x00000005c3600000,0x0000000604a3f760,0x0000000604a80000)
 Metaspace       used 14751K, capacity 14968K, committed 15232K, reserved 1062912K
  class space    used 1606K, capacity 1663K, committed 1664K, reserved 1048576K
}
Event: 36.878 GC heap before
{Heap before GC invocations=33 (full 9):
 PSYoungGen      total 2471424K, used 2150912K [0x0000000716780000, 0x00000007c0000000, 0x00000007c0000000)
  eden space 2150912K, 100% used [0x0000000716780000,0x0000000799c00000,0x0000000799c00000)
  from space 320512K, 0% used [0x00000007ac700000,0x00000007ac700000,0x00000007c0000000)
  to   space 306176K, 0% used [0x0000000799c00000,0x0000000799c00000,0x00000007ac700000)
 ParOldGen       total 1069568K, used 1069309K [0x00000005c3600000, 0x0000000604a80000, 0x0000000716780000)
  object space 1069568K, 99% used [0x00000005c3600000,0x0000000604a3f760,0x0000000604a80000)
 Metaspace       used 14753K, capacity 14968K, committed 15232K, reserved 1062912K
  class space    used 1606K, capacity 1663K, committed 1664K, reserved 1048576K
Event: 38.645 GC heap after
Heap after GC invocations=33 (full 9):
 PSYoungGen      total 2471424K, used 168198K [0x0000000716780000, 0x00000007c0000000, 0x00000007c0000000)
  eden space 2150912K, 7% used [0x0000000716780000,0x0000000720bc1948,0x0000000799c00000)
  from space 320512K, 0% used [0x00000007ac700000,0x00000007ac700000,0x00000007c0000000)
  to   space 306176K, 0% used [0x0000000799c00000,0x0000000799c00000,0x00000007ac700000)
 ParOldGen       total 1069568K, used 1069282K [0x00000005c3600000, 0x0000000604a80000, 0x0000000716780000)
  object space 1069568K, 99% used [0x00000005c3600000,0x0000000604a38a58,0x0000000604a80000)
 Metaspace       used 14753K, capacity 14968K, committed 15232K, reserved 1062912K
  class space    used 1606K, capacity 1663K, committed 1664K, reserved 1048576K
}
Event: 39.033 GC heap before
{Heap before GC invocations=34 (full 10):
 PSYoungGen      total 2471424K, used 2150912K [0x0000000716780000, 0x00000007c0000000, 0x00000007c0000000)
  eden space 2150912K, 100% used [0x0000000716780000,0x0000000799c00000,0x0000000799c00000)
  from space 320512K, 0% used [0x00000007ac700000,0x00000007ac700000,0x00000007c0000000)
  to   space 306176K, 0% used [0x0000000799c00000,0x0000000799c00000,0x00000007ac700000)
 ParOldGen       total 1069568K, used 1069282K [0x00000005c3600000, 0x0000000604a80000, 0x0000000716780000)
  object space 1069568K, 99% used [0x00000005c3600000,0x0000000604a38a58,0x0000000604a80000)
 Metaspace       used 14753K, capacity 14968K, committed 15232K, reserved 1062912K
  class space    used 1606K, capacity 1663K, committed 1664K, reserved 1048576K
Event: 40.066 GC heap after
Heap after GC invocations=34 (full 10):
 PSYoungGen      total 2471424K, used 168395K [0x0000000716780000, 0x00000007c0000000, 0x00000007c0000000)
  eden space 2150912K, 7% used [0x0000000716780000,0x0000000720bf2f28,0x0000000799c00000)
  from space 320512K, 0% used [0x00000007ac700000,0x00000007ac700000,0x00000007c0000000)
  to   space 306176K, 0% used [0x0000000799c00000,0x0000000799c00000,0x00000007ac700000)
 ParOldGen       total 1069568K, used 1069274K [0x00000005c3600000, 0x0000000604a80000, 0x0000000716780000)
  object space 1069568K, 99% used [0x00000005c3600000,0x0000000604a36a00,0x0000000604a80000)
 Metaspace       used 14753K, capacity 14968K, committed 15232K, reserved 1062912K
  class space    used 1606K, capacity 1663K, committed 1664K, reserved 1048576K
}

