# JRE version: Java(TM) SE Runtime Environment (8.0_192-b12) (build 1.8.0_192-b12)
# Java VM: Java HotSpot(TM) 64-Bit Server VM (25.192-b12 mixed mode windows-amd64 compressed oops)
Heap:
 PSYoungGen      total 1883136K, used 724940K [0x0000000716780000, 0x0000000798a00000, 0x00000007c0000000)
  eden space 1634816K, 44% used [0x0000000716780000,0x0000000742b73078,0x000000077a400000)
  from space 248320K, 0% used [0x0000000789600000,0x0000000789600000,0x0000000798880000)
  to   space 247808K, 0% used [0x000000077a400000,0x000000077a400000,0x0000000789600000)
 ParOldGen       total 637952K, used 637580K [0x00000005c3600000, 0x00000005ea500000, 0x0000000716780000)
  object space 637952K, 99% used [0x00000005c3600000,0x00000005ea4a3150,0x00000005ea500000)
 Metaspace       used 14855K, capacity 15096K, committed 15232K, reserved 1062912K
  class space    used 1611K, capacity 1663K, committed 1664K, reserved 1048576K
GC Heap History (10 events):
Event: 83.402 GC heap before
{Heap before GC invocations=67 (full 32):
 PSYoungGen      total 1883136K, used 1879312K [0x0000000716780000, 0x0000000798a00000, 0x00000007c0000000)
  eden space 1634816K, 100% used [0x0000000716780000,0x000000077a400000,0x000000077a400000)
  from space 248320K, 98% used [0x0000000789600000,0x00000007984c4160,0x0000000798880000)
  to   space 247808K, 0% used [0x000000077a400000,0x000000077a400000,0x0000000789600000)
 ParOldGen       total 637952K, used 475958K [0x00000005c3600000, 0x00000005ea500000, 0x0000000716780000)
  object space 637952K, 74% used [0x00000005c3600000,0x00000005e06cda98,0x00000005ea500000)
 Metaspace       used 14853K, capacity 15096K, committed 15232K, reserved 1062912K
  class space    used 1611K, capacity 1663K, committed 1664K, reserved 1048576K
Event: 83.487 GC heap after
Heap after GC invocations=67 (full 32):
 PSYoungGen      total 1882624K, used 247792K [0x0000000716780000, 0x0000000798a00000, 0x00000007c0000000)
  eden space 1634816K, 0% used [0x0000000716780000,0x0000000716780000,0x000000077a400000)
  from space 247808K, 99% used [0x000000077a400000,0x00000007895fc160,0x0000000789600000)
  to   space 248320K, 0% used [0x0000000789600000,0x0000000789600000,0x0000000798880000)
 ParOldGen       total 637952K, used 508854K [0x00000005c3600000, 0x00000005ea500000, 0x0000000716780000)
  object space 637952K, 79% used [0x00000005c3600000,0x00000005e26edab8,0x00000005ea500000)
 Metaspace       used 14853K, capacity 15096K, committed 15232K, reserved 1062912K
  class space    used 1611K, capacity 1663K, committed 1664K, reserved 1048576K
}
Event: 83.870 GC heap before
{Heap before GC invocations=68 (full 32):
 PSYoungGen      total 1882624K, used 1882608K [0x0000000716780000, 0x0000000798a00000, 0x00000007c0000000)
  eden space 1634816K, 100% used [0x0000000716780000,0x000000077a400000,0x000000077a400000)
  from space 247808K, 99% used [0x000000077a400000,0x00000007895fc160,0x0000000789600000)
  to   space 248320K, 0% used [0x0000000789600000,0x0000000789600000,0x0000000798880000)
 ParOldGen       total 637952K, used 508854K [0x00000005c3600000, 0x00000005ea500000, 0x0000000716780000)
  object space 637952K, 79% used [0x00000005c3600000,0x00000005e26edab8,0x00000005ea500000)
 Metaspace       used 14853K, capacity 15096K, committed 15232K, reserved 1062912K
  class space    used 1611K, capacity 1663K, committed 1664K, reserved 1048576K
Event: 83.958 GC heap after
Heap after GC invocations=68 (full 32):
 PSYoungGen      total 1883136K, used 234016K [0x0000000716780000, 0x0000000798a00000, 0x00000007c0000000)
  eden space 1634816K, 0% used [0x0000000716780000,0x0000000716780000,0x000000077a400000)
  from space 248320K, 94% used [0x0000000789600000,0x0000000797a88150,0x0000000798880000)
  to   space 247808K, 0% used [0x000000077a400000,0x000000077a400000,0x0000000789600000)
 ParOldGen       total 637952K, used 559182K [0x00000005c3600000, 0x00000005ea500000, 0x0000000716780000)
  object space 637952K, 87% used [0x00000005c3600000,0x00000005e5813b08,0x00000005ea500000)
 Metaspace       used 14853K, capacity 15096K, committed 15232K, reserved 1062912K
  class space    used 1611K, capacity 1663K, committed 1664K, reserved 1048576K
}
Event: 83.958 GC heap before
{Heap before GC invocations=69 (full 33):
 PSYoungGen      total 1883136K, used 234016K [0x0000000716780000, 0x0000000798a00000, 0x00000007c0000000)
  eden space 1634816K, 0% used [0x0000000716780000,0x0000000716780000,0x000000077a400000)
  from space 248320K, 94% used [0x0000000789600000,0x0000000797a88150,0x0000000798880000)
  to   space 247808K, 0% used [0x000000077a400000,0x000000077a400000,0x0000000789600000)
 ParOldGen       total 637952K, used 559182K [0x00000005c3600000, 0x00000005ea500000, 0x0000000716780000)
  object space 637952K, 87% used [0x00000005c3600000,0x00000005e5813b08,0x00000005ea500000)
 Metaspace       used 14853K, capacity 15096K, committed 15232K, reserved 1062912K
  class space    used 1611K, capacity 1663K, committed 1664K, reserved 1048576K
Event: 85.363 GC heap after
Heap after GC invocations=69 (full 33):
 PSYoungGen      total 1883136K, used 115458K [0x0000000716780000, 0x0000000798a00000, 0x00000007c0000000)
  eden space 1634816K, 0% used [0x0000000716780000,0x0000000716780000,0x000000077a400000)
  from space 248320K, 46% used [0x0000000789600000,0x00000007906c08d0,0x0000000798880000)
  to   space 247808K, 0% used [0x000000077a400000,0x000000077a400000,0x0000000789600000)
 ParOldGen       total 637952K, used 637511K [0x00000005c3600000, 0x00000005ea500000, 0x0000000716780000)
  object space 637952K, 99% used [0x00000005c3600000,0x00000005ea491d98,0x00000005ea500000)
 Metaspace       used 14853K, capacity 15096K, committed 15232K, reserved 1062912K
  class space    used 1611K, capacity 1663K, committed 1664K, reserved 1048576K
}
Event: 85.690 GC heap before
{Heap before GC invocations=70 (full 34):
 PSYoungGen      total 1883136K, used 1750274K [0x0000000716780000, 0x0000000798a00000, 0x00000007c0000000)
  eden space 1634816K, 100% used [0x0000000716780000,0x000000077a400000,0x000000077a400000)
  from space 248320K, 46% used [0x0000000789600000,0x00000007906c08d0,0x0000000798880000)
  to   space 247808K, 0% used [0x000000077a400000,0x000000077a400000,0x0000000789600000)
 ParOldGen       total 637952K, used 637511K [0x00000005c3600000, 0x00000005ea500000, 0x0000000716780000)
  object space 637952K, 99% used [0x00000005c3600000,0x00000005ea491d98,0x00000005ea500000)
 Metaspace       used 14853K, capacity 15096K, committed 15232K, reserved 1062912K
  class space    used 1611K, capacity 1663K, committed 1664K, reserved 1048576K
Event: 87.167 GC heap after
Heap after GC invocations=70 (full 34):
 PSYoungGen      total 1883136K, used 150980K [0x0000000716780000, 0x0000000798a00000, 0x00000007c0000000)
  eden space 1634816K, 9% used [0x0000000716780000,0x000000071faf1398,0x000000077a400000)
  from space 248320K, 0% used [0x0000000789600000,0x0000000789600000,0x0000000798880000)
  to   space 247808K, 0% used [0x000000077a400000,0x000000077a400000,0x0000000789600000)
 ParOldGen       total 637952K, used 637951K [0x00000005c3600000, 0x00000005ea500000, 0x0000000716780000)
  object space 637952K, 99% used [0x00000005c3600000,0x00000005ea4ffed8,0x00000005ea500000)
 Metaspace       used 14853K, capacity 15096K, committed 15232K, reserved 1062912K
  class space    used 1611K, capacity 1663K, committed 1664K, reserved 1048576K
}
Event: 87.463 GC heap before
{Heap before GC invocations=71 (full 35):
 PSYoungGen      total 1883136K, used 1634816K [0x0000000716780000, 0x0000000798a00000, 0x00000007c0000000)
  eden space 1634816K, 100% used [0x0000000716780000,0x000000077a400000,0x000000077a400000)
  from space 248320K, 0% used [0x0000000789600000,0x0000000789600000,0x0000000798880000)
  to   space 247808K, 0% used [0x000000077a400000,0x000000077a400000,0x0000000789600000)
 ParOldGen       total 637952K, used 637951K [0x00000005c3600000, 0x00000005ea500000, 0x0000000716780000)
  object space 637952K, 99% used [0x00000005c3600000,0x00000005ea4ffed8,0x00000005ea500000)
 Metaspace       used 14855K, capacity 15096K, committed 15232K, reserved 1062912K
  class space    used 1611K, capacity 1663K, committed 1664K, reserved 1048576K
Event: 88.997 GC heap after
Heap after GC invocations=71 (full 35):
 PSYoungGen      total 1883136K, used 180897K [0x0000000716780000, 0x0000000798a00000, 0x00000007c0000000)
  eden space 1634816K, 11% used [0x0000000716780000,0x0000000721828530,0x000000077a400000)
  from space 248320K, 0% used [0x0000000789600000,0x0000000789600000,0x0000000798880000)
  to   space 247808K, 0% used [0x000000077a400000,0x000000077a400000,0x0000000789600000)
 ParOldGen       total 637952K, used 637580K [0x00000005c3600000, 0x00000005ea500000, 0x0000000716780000)
  object space 637952K, 99% used [0x00000005c3600000,0x00000005ea4a3150,0x00000005ea500000)
 Metaspace       used 14855K, capacity 15096K, committed 15232K, reserved 1062912K
  class space    used 1611K, capacity 1663K, committed 1664K, reserved 1048576K
}

